
> pokedex@1.0.0 dev
> npx tsc && node dist/main.js

Pokedex > 

--- Fetched GET Call ---


canalave-city-area
eterna-city-area
pastoria-city-area
sunyshore-city-area
sinnoh-pokemon-league-area
oreburgh-mine-1f
oreburgh-mine-b1f
valley-windworks-area
eterna-forest-area
fuego-ironworks-area
mt-coronet-1f-route-207
mt-coronet-2f
mt-coronet-3f
mt-coronet-exterior-snowfall
mt-coronet-exterior-blizzard
mt-coronet-4f
mt-coronet-4f-small-room
mt-coronet-5f
mt-coronet-6f
mt-coronet-1f-from-exterior
Pokedex > 

--- Fetched GET Call ---


mt-coronet-1f-route-216
mt-coronet-1f-route-211
mt-coronet-b1f
great-marsh-area-1
great-marsh-area-2
great-marsh-area-3
great-marsh-area-4
great-marsh-area-5
great-marsh-area-6
solaceon-ruins-2f
solaceon-ruins-1f
solaceon-ruins-b1f-a
solaceon-ruins-b1f-b
solaceon-ruins-b1f-c
solaceon-ruins-b2f-a
solaceon-ruins-b2f-b
solaceon-ruins-b2f-c
solaceon-ruins-b3f-a
solaceon-ruins-b3f-b
solaceon-ruins-b3f-c
Pokedex > 

--- Fetched GET Call ---


canalave-city-area
eterna-city-area
pastoria-city-area
sunyshore-city-area
sinnoh-pokemon-league-area
oreburgh-mine-1f
oreburgh-mine-b1f
valley-windworks-area
eterna-forest-area
fuego-ironworks-area
mt-coronet-1f-route-207
mt-coronet-2f
mt-coronet-3f
mt-coronet-exterior-snowfall
mt-coronet-exterior-blizzard
mt-coronet-4f
mt-coronet-4f-small-room
mt-coronet-5f
mt-coronet-6f
mt-coronet-1f-from-exterior
Pokedex > you're on the first page
Pokedex > 

--- Fetched Cached Result ---


canalave-city-area
eterna-city-area
pastoria-city-area
sunyshore-city-area
sinnoh-pokemon-league-area
oreburgh-mine-1f
oreburgh-mine-b1f
valley-windworks-area
eterna-forest-area
fuego-ironworks-area
mt-coronet-1f-route-207
mt-coronet-2f
mt-coronet-3f
mt-coronet-exterior-snowfall
mt-coronet-exterior-blizzard
mt-coronet-4f
mt-coronet-4f-small-room
mt-coronet-5f
mt-coronet-6f
mt-coronet-1f-from-exterior
Pokedex > Unknown command
Pokedex > you're on the first page
Pokedex > 

--- Fetched Cached Result ---


canalave-city-area
eterna-city-area
pastoria-city-area
sunyshore-city-area
sinnoh-pokemon-league-area
oreburgh-mine-1f
oreburgh-mine-b1f
valley-windworks-area
eterna-forest-area
fuego-ironworks-area
mt-coronet-1f-route-207
mt-coronet-2f
mt-coronet-3f
mt-coronet-exterior-snowfall
mt-coronet-exterior-blizzard
mt-coronet-4f
mt-coronet-4f-small-room
mt-coronet-5f
mt-coronet-6f
mt-coronet-1f-from-exterior
Pokedex > 

--- Fetched Cached Result ---


mt-coronet-1f-route-216
mt-coronet-1f-route-211
mt-coronet-b1f
great-marsh-area-1
great-marsh-area-2
great-marsh-area-3
great-marsh-area-4
great-marsh-area-5
great-marsh-area-6
solaceon-ruins-2f
solaceon-ruins-1f
solaceon-ruins-b1f-a
solaceon-ruins-b1f-b
solaceon-ruins-b1f-c
solaceon-ruins-b2f-a
solaceon-ruins-b2f-b
solaceon-ruins-b2f-c
solaceon-ruins-b3f-a
solaceon-ruins-b3f-b
solaceon-ruins-b3f-c
Pokedex > 

--- Fetched GET Call ---


solaceon-ruins-b3f-d
solaceon-ruins-b3f-e
solaceon-ruins-b4f-a
solaceon-ruins-b4f-b
solaceon-ruins-b4f-c
solaceon-ruins-b4f-d
solaceon-ruins-b5f
sinnoh-victory-road-1f
sinnoh-victory-road-2f
sinnoh-victory-road-b1f
sinnoh-victory-road-inside-b1f
sinnoh-victory-road-inside
sinnoh-victory-road-inside-exit
ravaged-path-area
oreburgh-gate-1f
oreburgh-gate-b1f
stark-mountain-area
stark-mountain-entrance
stark-mountain-inside
sendoff-spring-area
Pokedex > 

--- Fetched GET Call ---


turnback-cave-pillar-1
turnback-cave-pillar-2
turnback-cave-pillar-3
turnback-cave-before-pillar-1
turnback-cave-between-pillars-1-and-2
turnback-cave-between-pillars-2-and-3
turnback-cave-after-pillar-3
snowpoint-temple-1f
snowpoint-temple-b1f
snowpoint-temple-b2f
snowpoint-temple-b3f
snowpoint-temple-b4f
snowpoint-temple-b5f
wayward-cave-1f
wayward-cave-b1f
ruin-maniac-cave-0-9-different-unown-caught
ruin-maniac-cave-10-25-different-unown-caught
maniac-tunnel-26-plus-different-unown-caught
trophy-garden-area
iron-island-area
Pokedex > 

--- Fetched Cached Result ---


solaceon-ruins-b3f-d
solaceon-ruins-b3f-e
solaceon-ruins-b4f-a
solaceon-ruins-b4f-b
solaceon-ruins-b4f-c
solaceon-ruins-b4f-d
solaceon-ruins-b5f
sinnoh-victory-road-1f
sinnoh-victory-road-2f
sinnoh-victory-road-b1f
sinnoh-victory-road-inside-b1f
sinnoh-victory-road-inside
sinnoh-victory-road-inside-exit
ravaged-path-area
oreburgh-gate-1f
oreburgh-gate-b1f
stark-mountain-area
stark-mountain-entrance
stark-mountain-inside
sendoff-spring-area
Pokedex > Pokedex > Unknown command
Pokedex > Welcome to the Pokedex!
Usage:

help: Displays a help message.
exit: Exit the Pokedex.
map: Displays the frist/next location areas.
mapb: Displays the pervious page of location areas.
explore: Finds all pokemons in the given location area.
catch: Try to catch a pokemon.
inspect: Inspect details of a cached pokemon.
Pokedex > 

--- Fetched GET Call ---


Throwing a Pokeball at pikachu...
pikachu was caught!
Pokedex > Welcome to the Pokedex!
Usage:

{
  name: 'pikachu',
  height: 4,
  weight: 60,
  stats: [
    { base_stat: 35, effort: 0, stat: [Object] },
    { base_stat: 55, effort: 0, stat: [Object] },
    { base_stat: 40, effort: 0, stat: [Object] },
    { base_stat: 50, effort: 0, stat: [Object] },
    { base_stat: 50, effort: 0, stat: [Object] },
    { base_stat: 90, effort: 2, stat: [Object] }
  ],
  types: [ { slot: 1, type: [Object] } ]
}
Pokedex > 